0	ba	ca	86	74	68	68	68	61	50	47	47	47	47	47	40	40	40	32	28	28	28	25	25	25	16	16	16	16	10	10	0	0	0	0	0	0	0	0	0	0	0	0	0	0	0	0	0	0	0	0	0	0	0	0	0	0	0	0	0	0	0	0	0	0	0	0	0	0	0	0	0	0	0	0	0	0	0	0	0	0	0	0	0	0	0	0	0	0	0	0	0	0	0	0	0	0	0	0	0	0	0	0
1	ba	ca	74	86	80	80	80	73	62	59	53	53	53	53	46	46	46	38	34	34	34	25	25	25	16	16	16	16	10	10	0	0	0	0	0	0	0	0	0	0	0	0	0	0	0	0	0	0	0	0	0	0	0	0	0	0	0	0	0	0	0	0	0	0	0	0	0	0	0	0	0	0	0	0	0	0	0	0	0	0	0	0	0	0	0	0	0	0	0	0	0	0	0	0	0	0	0	0	0	0	0	0
2	ba	ca	68	80	86	86	86	79	68	65	59	59	59	59	52	52	52	44	40	40	40	31	31	31	22	16	16	16	10	10	0	0	0	0	0	0	0	0	0	0	0	0	0	0	0	0	0	0	0	0	0	0	0	0	0	0	0	0	0	0	0	0	0	0	0	0	0	0	0	0	0	0	0	0	0	0	0	0	0	0	0	0	0	0	0	0	0	0	0	0	0	0	0	0	0	0	0	0	0	0	0	0
3	ba	ca	68	80	86	87	87	80	69	66	60	60	60	60	52	52	52	44	40	40	40	31	31	31	22	16	16	16	10	10	0	0	0	0	0	0	0	0	0	0	0	0	0	0	0	0	0	0	0	0	0	0	0	0	0	0	0	0	0	0	0	0	0	0	0	0	0	0	0	0	0	0	0	0	0	0	0	0	0	0	0	0	0	0	0	0	0	0	0	0	0	0	0	0	0	0	0	0	0	0	0	0
4	ba	ca	68	80	86	87	99	92	81	78	63	63	63	63	55	55	55	47	43	40	40	31	31	31	22	16	16	16	10	10	0	0	0	0	0	0	0	0	0	0	0	0	0	0	0	0	0	0	0	0	0	0	0	0	0	0	0	0	0	0	0	0	0	0	0	0	0	0	0	0	0	0	0	0	0	0	0	0	0	0	0	0	0	0	0	0	0	0	0	0	0	0	0	0	0	0	0	0	0	0	0	0
5	ba	ca	61	73	79	80	92	99	88	85	70	70	70	70	62	62	62	54	50	47	47	31	31	31	22	16	16	16	10	10	0	0	0	0	0	0	0	0	0	0	0	0	0	0	0	0	0	0	0	0	0	0	0	0	0	0	0	0	0	0	0	0	0	0	0	0	0	0	0	0	0	0	0	0	0	0	0	0	0	0	0	0	0	0	0	0	0	0	0	0	0	0	0	0	0	0	0	0	0	0	0	0
6	ba	ca	50	62	68	69	81	88	104	101	86	86	86	86	78	78	78	70	66	58	58	42	42	42	33	27	27	27	21	21	11	11	0	0	0	0	0	0	0	0	0	0	0	0	0	0	0	0	0	0	0	0	0	0	0	0	0	0	0	0	0	0	0	0	0	0	0	0	0	0	0	0	0	0	0	0	0	0	0	0	0	0	0	0	0	0	0	0	0	0	0	0	0	0	0	0	0	0	0	0	0	0
7	ba	ca	47	59	65	66	78	85	101	107	92	92	89	89	81	81	81	73	69	61	61	42	42	42	33	27	27	27	21	21	11	11	0	0	0	0	0	0	0	0	0	0	0	0	0	0	0	0	0	0	0	0	0	0	0	0	0	0	0	0	0	0	0	0	0	0	0	0	0	0	0	0	0	0	0	0	0	0	0	0	0	0	0	0	0	0	0	0	0	0	0	0	0	0	0	0	0	0	0	0	0	0
8	ba	ca	47	53	59	60	63	70	86	92	107	107	104	104	96	96	96	88	84	76	76	57	57	57	42	36	36	27	21	21	11	11	0	0	0	0	0	0	0	0	0	0	0	0	0	0	0	0	0	0	0	0	0	0	0	0	0	0	0	0	0	0	0	0	0	0	0	0	0	0	0	0	0	0	0	0	0	0	0	0	0	0	0	0	0	0	0	0	0	0	0	0	0	0	0	0	0	0	0	0	0	0
9	ba	ca	47	53	59	60	63	70	86	92	107	107	104	104	96	96	96	88	84	76	76	57	57	57	42	36	36	27	21	21	11	11	0	0	0	0	0	0	0	0	0	0	0	0	0	0	0	0	0	0	0	0	0	0	0	0	0	0	0	0	0	0	0	0	0	0	0	0	0	0	0	0	0	0	0	0	0	0	0	0	0	0	0	0	0	0	0	0	0	0	0	0	0	0	0	0	0	0	0	0	0	0
10	ba	ca	47	53	59	60	63	70	86	89	104	104	107	107	99	99	99	91	87	76	76	57	57	57	42	36	36	27	21	21	11	11	0	0	0	0	0	0	0	0	0	0	0	0	0	0	0	0	0	0	0	0	0	0	0	0	0	0	0	0	0	0	0	0	0	0	0	0	0	0	0	0	0	0	0	0	0	0	0	0	0	0	0	0	0	0	0	0	0	0	0	0	0	0	0	0	0	0	0	0	0	0
11	ba	ca	47	53	59	60	63	70	86	89	104	104	107	107	99	99	99	91	87	76	76	57	57	57	42	36	36	27	21	21	11	11	0	0	0	0	0	0	0	0	0	0	0	0	0	0	0	0	0	0	0	0	0	0	0	0	0	0	0	0	0	0	0	0	0	0	0	0	0	0	0	0	0	0	0	0	0	0	0	0	0	0	0	0	0	0	0	0	0	0	0	0	0	0	0	0	0	0	0	0	0	0
12	ba	ca	40	46	52	52	55	62	78	81	96	96	99	99	107	107	107	99	95	84	84	65	61	61	46	39	39	30	24	21	11	11	0	0	0	0	0	0	0	0	0	0	0	0	0	0	0	0	0	0	0	0	0	0	0	0	0	0	0	0	0	0	0	0	0	0	0	0	0	0	0	0	0	0	0	0	0	0	0	0	0	0	0	0	0	0	0	0	0	0	0	0	0	0	0	0	0	0	0	0	0	0
13	ba	ca	40	46	52	52	55	62	78	81	96	96	99	99	107	107	107	99	95	84	84	65	61	61	46	39	39	30	24	21	11	11	0	0	0	0	0	0	0	0	0	0	0	0	0	0	0	0	0	0	0	0	0	0	0	0	0	0	0	0	0	0	0	0	0	0	0	0	0	0	0	0	0	0	0	0	0	0	0	0	0	0	0	0	0	0	0	0	0	0	0	0	0	0	0	0	0	0	0	0	0	0
14	ba	ca	40	46	52	52	55	62	78	81	96	96	99	99	107	107	107	99	95	84	84	65	61	61	46	39	39	30	24	21	11	11	0	0	0	0	0	0	0	0	0	0	0	0	0	0	0	0	0	0	0	0	0	0	0	0	0	0	0	0	0	0	0	0	0	0	0	0	0	0	0	0	0	0	0	0	0	0	0	0	0	0	0	0	0	0	0	0	0	0	0	0	0	0	0	0	0	0	0	0	0	0
15	ba	ca	32	38	44	44	47	54	70	73	88	88	91	91	99	99	99	108	104	93	93	74	70	70	55	48	48	39	33	30	20	20	1	1	1	1	1	1	0	0	0	0	0	0	0	0	0	0	0	0	0	0	0	0	0	0	0	0	0	0	0	0	0	0	0	0	0	0	0	0	0	0	0	0	0	0	0	0	0	0	0	0	0	0	0	0	0	0	0	0	0	0	0	0	0	0	0	0	0	0	0	0
16	ba	ca	28	34	40	40	43	50	66	69	84	84	87	87	95	95	95	104	108	97	97	78	74	74	59	52	52	43	37	34	24	24	5	5	5	5	5	1	0	0	0	0	0	0	0	0	0	0	0	0	0	0	0	0	0	0	0	0	0	0	0	0	0	0	0	0	0	0	0	0	0	0	0	0	0	0	0	0	0	0	0	0	0	0	0	0	0	0	0	0	0	0	0	0	0	0	0	0	0	0	0	0
17	ba	ca	28	34	40	40	40	47	58	61	76	76	76	76	84	84	84	93	97	108	108	89	85	85	70	63	63	54	48	42	32	32	8	8	8	8	8	4	3	3	3	3	3	3	3	3	3	3	0	0	0	0	0	0	0	0	0	0	0	0	0	0	0	0	0	0	0	0	0	0	0	0	0	0	0	0	0	0	0	0	0	0	0	0	0	0	0	0	0	0	0	0	0	0	0	0	0	0	0	0	0	0
18	ba	ca	28	34	40	40	40	47	58	61	76	76	76	76	84	84	84	93	97	108	108	89	85	85	70	63	63	54	48	42	32	32	8	8	8	8	8	4	3	3	3	3	3	3	3	3	3	3	0	0	0	0	0	0	0	0	0	0	0	0	0	0	0	0	0	0	0	0	0	0	0	0	0	0	0	0	0	0	0	0	0	0	0	0	0	0	0	0	0	0	0	0	0	0	0	0	0	0	0	0	0	0
19	ba	ca	25	25	31	31	31	31	42	42	57	57	57	57	65	65	65	74	78	89	89	101	97	97	82	69	69	60	54	48	35	35	11	11	8	8	8	4	3	3	3	3	3	3	3	3	3	3	0	0	0	0	0	0	0	0	0	0	0	0	0	0	0	0	0	0	0	0	0	0	0	0	0	0	0	0	0	0	0	0	0	0	0	0	0	0	0	0	0	0	0	0	0	0	0	0	0	0	0	0	0	0
20	ba	ca	25	25	31	31	31	31	42	42	57	57	57	57	61	61	61	70	74	85	85	97	108	108	93	80	73	64	54	48	35	35	11	11	8	8	8	4	3	3	3	3	3	3	3	3	3	3	0	0	0	0	0	0	0	0	0	0	0	0	0	0	0	0	0	0	0	0	0	0	0	0	0	0	0	0	0	0	0	0	0	0	0	0	0	0	0	0	0	0	0	0	0	0	0	0	0	0	0	0	0	0
21	ba	ca	25	25	31	31	31	31	42	42	57	57	57	57	61	61	61	70	74	85	85	97	108	108	93	80	73	64	54	48	35	35	11	11	8	8	8	4	3	3	3	3	3	3	3	3	3	3	0	0	0	0	0	0	0	0	0	0	0	0	0	0	0	0	0	0	0	0	0	0	0	0	0	0	0	0	0	0	0	0	0	0	0	0	0	0	0	0	0	0	0	0	0	0	0	0	0	0	0	0	0	0
22	ba	ca	16	16	22	22	22	22	33	33	42	42	42	42	46	46	46	55	59	70	70	82	93	93	108	95	88	79	69	63	50	41	17	17	14	14	14	10	9	9	9	9	9	3	3	3	3	3	0	0	0	0	0	0	0	0	0	0	0	0	0	0	0	0	0	0	0	0	0	0	0	0	0	0	0	0	0	0	0	0	0	0	0	0	0	0	0	0	0	0	0	0	0	0	0	0	0	0	0	0	0	0
23	ba	ca	16	16	16	16	16	16	27	27	36	36	36	36	39	39	39	48	52	63	63	69	80	80	95	108	101	92	82	76	62	53	29	29	26	26	26	22	21	21	21	21	15	9	9	9	9	9	6	6	6	6	0	0	0	0	0	0	0	0	0	0	0	0	0	0	0	0	0	0	0	0	0	0	0	0	0	0	0	0	0	0	0	0	0	0	0	0	0	0	0	0	0	0	0	0	0	0	0	0	0	0
24	ba	ca	16	16	16	16	16	16	27	27	36	36	36	36	39	39	39	48	52	63	63	69	73	73	88	101	101	92	82	76	62	53	29	29	26	26	26	22	21	21	21	21	15	9	9	9	9	9	6	6	6	6	0	0	0	0	0	0	0	0	0	0	0	0	0	0	0	0	0	0	0	0	0	0	0	0	0	0	0	0	0	0	0	0	0	0	0	0	0	0	0	0	0	0	0	0	0	0	0	0	0	0
25	ba	ca	16	16	16	16	16	16	27	27	27	27	27	27	30	30	30	39	43	54	54	60	64	64	79	92	92	108	98	92	78	69	45	45	42	42	42	38	37	21	21	21	15	9	9	9	9	9	6	6	6	6	0	0	0	0	0	0	0	0	0	0	0	0	0	0	0	0	0	0	0	0	0	0	0	0	0	0	0	0	0	0	0	0	0	0	0	0	0	0	0	0	0	0	0	0	0	0	0	0	0	0
26	ba	ca	10	10	10	10	10	10	21	21	21	21	21	21	24	24	24	33	37	48	48	54	54	54	69	82	82	98	108	102	82	73	49	49	46	46	46	42	41	25	25	25	19	9	9	9	9	9	6	6	6	6	0	0	0	0	0	0	0	0	0	0	0	0	0	0	0	0	0	0	0	0	0	0	0	0	0	0	0	0	0	0	0	0	0	0	0	0	0	0	0	0	0	0	0	0	0	0	0	0	0	0
27	ba	ca	10	10	10	10	10	10	21	21	21	21	21	21	21	21	21	30	34	42	42	48	48	48	63	76	76	92	102	108	88	79	55	55	52	52	52	48	47	31	31	31	25	15	12	12	12	12	6	6	6	6	0	0	0	0	0	0	0	0	0	0	0	0	0	0	0	0	0	0	0	0	0	0	0	0	0	0	0	0	0	0	0	0	0	0	0	0	0	0	0	0	0	0	0	0	0	0	0	0	0	0
28	ba	ca	0	0	0	0	0	0	11	11	11	11	11	11	11	11	11	20	24	32	32	35	35	35	50	62	62	78	82	88	108	99	75	75	69	68	62	58	57	41	41	41	35	25	12	12	12	12	6	6	6	6	0	0	0	0	0	0	0	0	0	0	0	0	0	0	0	0	0	0	0	0	0	0	0	0	0	0	0	0	0	0	0	0	0	0	0	0	0	0	0	0	0	0	0	0	0	0	0	0	0	0
29	ba	ca	0	0	0	0	0	0	11	11	11	11	11	11	11	11	11	20	24	32	32	35	35	35	41	53	53	69	73	79	99	108	84	84	78	77	71	67	66	50	50	50	44	34	12	12	12	12	6	6	6	6	0	0	0	0	0	0	0	0	0	0	0	0	0	0	0	0	0	0	0	0	0	0	0	0	0	0	0	0	0	0	0	0	0	0	0	0	0	0	0	0	0	0	0	0	0	0	0	0	0	0
30	ba	ca	0	0	0	0	0	0	0	0	0	0	0	0	0	0	0	1	5	8	8	11	11	11	17	29	29	45	49	55	75	84	97	97	91	90	84	80	79	63	63	63	57	47	25	25	25	25	19	19	19	14	8	8	0	0	0	0	0	0	0	0	0	0	0	0	0	0	0	0	0	0	0	0	0	0	0	0	0	0	0	0	0	0	0	0	0	0	0	0	0	0	0	0	0	0	0	0	0	0	0	0
31	ba	ca	0	0	0	0	0	0	0	0	0	0	0	0	0	0	0	1	5	8	8	11	11	11	17	29	29	45	49	55	75	84	97	97	91	90	84	80	79	63	63	63	57	47	25	25	25	25	19	19	19	14	8	8	0	0	0	0	0	0	0	0	0	0	0	0	0	0	0	0	0	0	0	0	0	0	0	0	0	0	0	0	0	0	0	0	0	0	0	0	0	0	0	0	0	0	0	0	0	0	0	0
32	ba	ca	0	0	0	0	0	0	0	0	0	0	0	0	0	0	0	1	5	8	8	8	8	8	14	26	26	42	46	52	69	78	91	91	97	96	90	86	85	69	69	69	60	50	25	25	25	25	19	19	19	14	8	8	0	0	0	0	0	0	0	0	0	0	0	0	0	0	0	0	0	0	0	0	0	0	0	0	0	0	0	0	0	0	0	0	0	0	0	0	0	0	0	0	0	0	0	0	0	0	0	0
33	ba	ca	0	0	0	0	0	0	0	0	0	0	0	0	0	0	0	1	5	8	8	8	8	8	14	26	26	42	46	52	68	77	90	90	96	97	91	87	86	70	70	70	61	51	26	26	26	26	20	20	20	15	9	9	1	1	1	1	1	0	0	0	0	0	0	0	0	0	0	0	0	0	0	0	0	0	0	0	0	0	0	0	0	0	0	0	0	0	0	0	0	0	0	0	0	0	0	0	0	0	0	0
34	ba	ca	0	0	0	0	0	0	0	0	0	0	0	0	0	0	0	1	5	8	8	8	8	8	14	26	26	42	46	52	62	71	84	84	90	91	97	93	92	76	76	76	61	51	26	26	26	26	20	20	20	15	9	9	1	1	1	1	1	0	0	0	0	0	0	0	0	0	0	0	0	0	0	0	0	0	0	0	0	0	0	0	0	0	0	0	0	0	0	0	0	0	0	0	0	0	0	0	0	0	0	0
35	ba	ca	0	0	0	0	0	0	0	0	0	0	0	0	0	0	0	1	1	4	4	4	4	4	10	22	22	38	42	48	58	67	80	80	86	87	93	97	96	80	80	80	65	55	30	26	26	26	20	20	20	15	9	9	1	1	1	1	1	0	0	0	0	0	0	0	0	0	0	0	0	0	0	0	0	0	0	0	0	0	0	0	0	0	0	0	0	0	0	0	0	0	0	0	0	0	0	0	0	0	0	0
36	ba	ca	0	0	0	0	0	0	0	0	0	0	0	0	0	0	0	0	0	3	3	3	3	3	9	21	21	37	41	47	57	66	79	79	85	86	92	96	108	92	81	81	66	56	30	26	26	26	20	20	20	15	9	9	1	1	1	1	1	0	0	0	0	0	0	0	0	0	0	0	0	0	0	0	0	0	0	0	0	0	0	0	0	0	0	0	0	0	0	0	0	0	0	0	0	0	0	0	0	0	0	0
37	ba	ca	0	0	0	0	0	0	0	0	0	0	0	0	0	0	0	0	0	3	3	3	3	3	9	21	21	21	25	31	41	50	63	63	69	70	76	80	92	108	97	97	82	72	46	42	42	42	36	36	36	24	18	18	10	10	10	10	10	9	9	9	9	0	0	0	0	0	0	0	0	0	0	0	0	0	0	0	0	0	0	0	0	0	0	0	0	0	0	0	0	0	0	0	0	0	0	0	0	0	0	0
38	ba	ca	0	0	0	0	0	0	0	0	0	0	0	0	0	0	0	0	0	3	3	3	3	3	9	21	21	21	25	31	41	50	63	63	69	70	76	80	81	97	108	108	93	83	57	53	53	53	47	47	47	35	29	29	10	10	10	10	10	9	9	9	9	0	0	0	0	0	0	0	0	0	0	0	0	0	0	0	0	0	0	0	0	0	0	0	0	0	0	0	0	0	0	0	0	0	0	0	0	0	0	0
39	ba	ca	0	0	0	0	0	0	0	0	0	0	0	0	0	0	0	0	0	3	3	3	3	3	9	21	21	21	25	31	41	50	63	63	69	70	76	80	81	97	108	108	93	83	57	53	53	53	47	47	47	35	29	29	10	10	10	10	10	9	9	9	9	0	0	0	0	0	0	0	0	0	0	0	0	0	0	0	0	0	0	0	0	0	0	0	0	0	0	0	0	0	0	0	0	0	0	0	0	0	0	0
40	ba	ca	0	0	0	0	0	0	0	0	0	0	0	0	0	0	0	0	0	3	3	3	3	3	9	15	15	15	19	25	35	44	57	57	60	61	61	65	66	82	93	93	108	98	72	68	68	68	62	62	62	50	44	44	19	19	19	19	19	18	18	18	18	9	6	0	0	0	0	0	0	0	0	0	0	0	0	0	0	0	0	0	0	0	0	0	0	0	0	0	0	0	0	0	0	0	0	0	0	0	0	0
41	ba	ca	0	0	0	0	0	0	0	0	0	0	0	0	0	0	0	0	0	3	3	3	3	3	3	9	9	9	9	15	25	34	47	47	50	51	51	55	56	72	83	83	98	108	82	78	78	72	66	66	66	50	44	44	19	19	19	19	19	18	18	18	18	9	6	0	0	0	0	0	0	0	0	0	0	0	0	0	0	0	0	0	0	0	0	0	0	0	0	0	0	0	0	0	0	0	0	0	0	0	0	0
42	ba	ca	0	0	0	0	0	0	0	0	0	0	0	0	0	0	0	0	0	3	3	3	3	3	3	9	9	9	9	12	12	12	25	25	25	26	26	30	30	46	57	57	72	82	105	101	101	95	89	86	86	61	55	55	30	30	30	30	30	29	28	28	28	19	6	0	0	0	0	0	0	0	0	0	0	0	0	0	0	0	0	0	0	0	0	0	0	0	0	0	0	0	0	0	0	0	0	0	0	0	0	0
43	ba	ca	0	0	0	0	0	0	0	0	0	0	0	0	0	0	0	0	0	3	3	3	3	3	3	9	9	9	9	12	12	12	25	25	25	26	26	26	26	42	53	53	68	78	101	101	101	95	89	86	86	61	55	55	30	30	30	30	30	29	28	28	28	19	6	0	0	0	0	0	0	0	0	0	0	0	0	0	0	0	0	0	0	0	0	0	0	0	0	0	0	0	0	0	0	0	0	0	0	0	0	0
44	ba	ca	0	0	0	0	0	0	0	0	0	0	0	0	0	0	0	0	0	3	3	3	3	3	3	9	9	9	9	12	12	12	25	25	25	26	26	26	26	42	53	53	68	78	101	101	104	98	92	89	89	64	58	58	33	30	30	30	30	29	28	28	28	19	6	0	0	0	0	0	0	0	0	0	0	0	0	0	0	0	0	0	0	0	0	0	0	0	0	0	0	0	0	0	0	0	0	0	0	0	0	0
45	ba	ca	0	0	0	0	0	0	0	0	0	0	0	0	0	0	0	0	0	3	3	3	3	3	3	9	9	9	9	12	12	12	25	25	25	26	26	26	26	42	53	53	68	72	95	95	98	108	102	99	99	74	68	68	37	34	34	34	34	33	32	32	32	23	10	4	4	4	4	4	4	4	4	4	0	0	0	0	0	0	0	0	0	0	0	0	0	0	0	0	0	0	0	0	0	0	0	0	0	0	0	0
46	ba	ca	0	0	0	0	0	0	0	0	0	0	0	0	0	0	0	0	0	0	0	0	0	0	0	6	6	6	6	6	6	6	19	19	19	20	20	20	20	36	47	47	62	66	89	89	92	102	108	105	105	80	74	74	43	37	37	37	37	36	35	35	35	26	13	4	4	4	4	4	4	4	4	4	0	0	0	0	0	0	0	0	0	0	0	0	0	0	0	0	0	0	0	0	0	0	0	0	0	0	0	0
47	ba	ca	0	0	0	0	0	0	0	0	0	0	0	0	0	0	0	0	0	0	0	0	0	0	0	6	6	6	6	6	6	6	19	19	19	20	20	20	20	36	47	47	62	66	86	86	89	99	105	108	108	83	77	77	46	40	40	37	37	36	35	35	35	26	13	4	4	4	4	4	4	4	4	4	0	0	0	0	0	0	0	0	0	0	0	0	0	0	0	0	0	0	0	0	0	0	0	0	0	0	0	0
48	ba	ca	0	0	0	0	0	0	0	0	0	0	0	0	0	0	0	0	0	0	0	0	0	0	0	6	6	6	6	6	6	6	19	19	19	20	20	20	20	36	47	47	62	66	86	86	89	99	105	108	108	83	77	77	46	40	40	37	37	36	35	35	35	26	13	4	4	4	4	4	4	4	4	4	0	0	0	0	0	0	0	0	0	0	0	0	0	0	0	0	0	0	0	0	0	0	0	0	0	0	0	0
49	ba	ca	0	0	0	0	0	0	0	0	0	0	0	0	0	0	0	0	0	0	0	0	0	0	0	6	6	6	6	6	6	6	14	14	14	15	15	15	15	24	35	35	50	50	61	61	64	74	80	83	83	108	102	102	71	65	65	62	62	61	60	60	60	51	38	29	29	25	25	18	9	9	9	9	5	5	5	5	5	5	5	5	5	0	0	0	0	0	0	0	0	0	0	0	0	0	0	0	0	0	0	0
50	ba	ca	0	0	0	0	0	0	0	0	0	0	0	0	0	0	0	0	0	0	0	0	0	0	0	0	0	0	0	0	0	0	8	8	8	9	9	9	9	18	29	29	44	44	55	55	58	68	74	77	77	102	108	108	77	71	71	68	68	61	60	60	60	51	38	29	29	25	25	18	9	9	9	9	5	5	5	5	5	5	5	5	5	0	0	0	0	0	0	0	0	0	0	0	0	0	0	0	0	0	0	0
51	ba	ca	0	0	0	0	0	0	0	0	0	0	0	0	0	0	0	0	0	0	0	0	0	0	0	0	0	0	0	0	0	0	8	8	8	9	9	9	9	18	29	29	44	44	55	55	58	68	74	77	77	102	108	108	77	71	71	68	68	61	60	60	60	51	38	29	29	25	25	18	9	9	9	9	5	5	5	5	5	5	5	5	5	0	0	0	0	0	0	0	0	0	0	0	0	0	0	0	0	0	0	0
52	ba	ca	0	0	0	0	0	0	0	0	0	0	0	0	0	0	0	0	0	0	0	0	0	0	0	0	0	0	0	0	0	0	0	0	0	1	1	1	1	10	10	10	19	19	30	30	33	37	43	46	46	71	77	77	108	102	102	91	91	84	83	72	72	63	50	41	41	37	37	30	21	21	15	15	5	5	5	5	5	5	5	5	5	0	0	0	0	0	0	0	0	0	0	0	0	0	0	0	0	0	0	0
53	ba	ca	0	0	0	0	0	0	0	0	0	0	0	0	0	0	0	0	0	0	0	0	0	0	0	0	0	0	0	0	0	0	0	0	0	1	1	1	1	10	10	10	19	19	30	30	30	34	37	40	40	65	71	71	102	108	108	97	97	90	89	78	78	69	56	47	44	40	40	33	24	24	18	18	8	8	5	5	5	5	5	5	5	0	0	0	0	0	0	0	0	0	0	0	0	0	0	0	0	0	0	0
54	ba	ca	0	0	0	0	0	0	0	0	0	0	0	0	0	0	0	0	0	0	0	0	0	0	0	0	0	0	0	0	0	0	0	0	0	1	1	1	1	10	10	10	19	19	30	30	30	34	37	40	40	65	71	71	102	108	108	97	97	90	89	78	78	69	56	47	44	40	40	33	24	24	18	18	8	8	5	5	5	5	5	5	5	0	0	0	0	0	0	0	0	0	0	0	0	0	0	0	0	0	0	0
55	ba	ca	0	0	0	0	0	0	0	0	0	0	0	0	0	0	0	0	0	0	0	0	0	0	0	0	0	0	0	0	0	0	0	0	0	1	1	1	1	10	10	10	19	19	30	30	30	34	37	37	37	62	68	68	91	97	97	108	108	101	100	81	81	72	56	47	44	40	40	33	24	24	18	18	8	8	5	5	5	5	5	5	5	0	0	0	0	0	0	0	0	0	0	0	0	0	0	0	0	0	0	0
56	ba	ca	0	0	0	0	0	0	0	0	0	0	0	0	0	0	0	0	0	0	0	0	0	0	0	0	0	0	0	0	0	0	0	0	0	1	1	1	1	10	10	10	19	19	30	30	30	34	37	37	37	62	68	68	91	97	97	108	108	101	100	81	81	72	56	47	44	40	40	33	24	24	18	18	8	8	5	5	5	5	5	5	5	0	0	0	0	0	0	0	0	0	0	0	0	0	0	0	0	0	0	0
57	ba	ca	0	0	0	0	0	0	0	0	0	0	0	0	0	0	0	0	0	0	0	0	0	0	0	0	0	0	0	0	0	0	0	0	0	0	0	0	0	9	9	9	18	18	29	29	29	33	36	36	36	61	61	61	84	90	90	101	101	108	107	88	88	79	63	54	51	47	47	39	30	24	18	18	8	8	5	5	5	5	5	5	5	0	0	0	0	0	0	0	0	0	0	0	0	0	0	0	0	0	0	0
58	ba	ca	0	0	0	0	0	0	0	0	0	0	0	0	0	0	0	0	0	0	0	0	0	0	0	0	0	0	0	0	0	0	0	0	0	0	0	0	0	9	9	9	18	18	28	28	28	32	35	35	35	60	60	60	83	89	89	100	100	107	107	88	88	79	63	54	51	47	47	39	30	24	18	18	8	8	5	5	5	5	5	5	5	0	0	0	0	0	0	0	0	0	0	0	0	0	0	0	0	0	0	0
59	ba	ca	0	0	0	0	0	0	0	0	0	0	0	0	0	0	0	0	0	0	0	0	0	0	0	0	0	0	0	0	0	0	0	0	0	0	0	0	0	9	9	9	18	18	28	28	28	32	35	35	35	60	60	60	72	78	78	81	81	88	88	107	107	98	82	73	70	66	66	58	49	43	37	37	27	27	13	13	13	13	13	13	13	0	0	0	0	0	0	0	0	0	0	0	0	0	0	0	0	0	0	0
60	ba	ca	0	0	0	0	0	0	0	0	0	0	0	0	0	0	0	0	0	0	0	0	0	0	0	0	0	0	0	0	0	0	0	0	0	0	0	0	0	9	9	9	18	18	28	28	28	32	35	35	35	60	60	60	72	78	78	81	81	88	88	107	107	98	82	73	70	66	66	58	49	43	37	37	27	27	13	13	13	13	13	13	13	0	0	0	0	0	0	0	0	0	0	0	0	0	0	0	0	0	0	0
61	ba	ca	0	0	0	0	0	0	0	0	0	0	0	0	0	0	0	0	0	0	0	0	0	0	0	0	0	0	0	0	0	0	0	0	0	0	0	0	0	0	0	0	9	9	19	19	19	23	26	26	26	51	51	51	63	69	69	72	72	79	79	98	98	107	91	82	79	75	75	67	49	43	37	37	27	27	13	13	13	13	13	13	13	0	0	0	0	0	0	0	0	0	0	0	0	0	0	0	0	0	0	0
62	ba	ca	0	0	0	0	0	0	0	0	0	0	0	0	0	0	0	0	0	0	0	0	0	0	0	0	0	0	0	0	0	0	0	0	0	0	0	0	0	0	0	0	6	6	6	6	6	10	13	13	13	38	38	38	50	56	56	56	56	63	63	82	82	91	107	95	92	88	88	80	62	56	50	50	40	40	26	26	26	26	26	26	26	13	3	3	3	3	3	3	0	0	0	0	0	0	0	0	0	0	0	0
63	ba	ca	0	0	0	0	0	0	0	0	0	0	0	0	0	0	0	0	0	0	0	0	0	0	0	0	0	0	0	0	0	0	0	0	0	0	0	0	0	0	0	0	0	0	0	0	0	4	4	4	4	29	29	29	41	47	47	47	47	54	54	73	73	82	95	104	101	97	97	89	71	59	53	53	43	43	29	29	29	29	29	29	29	16	6	6	6	6	6	6	3	0	0	0	0	0	0	0	0	0	0	0
64	ba	ca	0	0	0	0	0	0	0	0	0	0	0	0	0	0	0	0	0	0	0	0	0	0	0	0	0	0	0	0	0	0	0	0	0	0	0	0	0	0	0	0	0	0	0	0	0	4	4	4	4	29	29	29	41	44	44	44	44	51	51	70	70	79	92	101	104	100	100	92	74	62	56	56	46	46	32	32	32	29	29	29	29	16	6	6	6	6	6	6	3	0	0	0	0	0	0	0	0	0	0	0
65	ba	ca	0	0	0	0	0	0	0	0	0	0	0	0	0	0	0	0	0	0	0	0	0	0	0	0	0	0	0	0	0	0	0	0	0	0	0	0	0	0	0	0	0	0	0	0	0	4	4	4	4	25	25	25	37	40	40	40	40	47	47	66	66	75	88	97	100	104	104	96	78	66	60	60	50	50	36	36	32	29	29	29	29	16	6	6	6	6	6	6	3	0	0	0	0	0	0	0	0	0	0	0
66	ba	ca	0	0	0	0	0	0	0	0	0	0	0	0	0	0	0	0	0	0	0	0	0	0	0	0	0	0	0	0	0	0	0	0	0	0	0	0	0	0	0	0	0	0	0	0	0	4	4	4	4	25	25	25	37	40	40	40	40	47	47	66	66	75	88	97	100	104	104	96	78	66	60	60	50	50	36	36	32	29	29	29	29	16	6	6	6	6	6	6	3	0	0	0	0	0	0	0	0	0	0	0
67	ba	ca	0	0	0	0	0	0	0	0	0	0	0	0	0	0	0	0	0	0	0	0	0	0	0	0	0	0	0	0	0	0	0	0	0	0	0	0	0	0	0	0	0	0	0	0	0	4	4	4	4	18	18	18	30	33	33	33	33	39	39	58	58	67	80	89	92	96	96	104	86	74	68	68	58	58	44	44	32	29	29	29	29	16	6	6	6	6	6	6	3	0	0	0	0	0	0	0	0	0	0	0
68	ba	ca	0	0	0	0	0	0	0	0	0	0	0	0	0	0	0	0	0	0	0	0	0	0	0	0	0	0	0	0	0	0	0	0	0	0	0	0	0	0	0	0	0	0	0	0	0	4	4	4	4	9	9	9	21	24	24	24	24	30	30	49	49	49	62	71	74	78	78	86	104	92	86	86	76	76	62	62	50	38	38	38	38	25	15	15	15	15	15	15	12	9	9	9	9	9	9	9	0	0	0	0
69	ba	ca	0	0	0	0	0	0	0	0	0	0	0	0	0	0	0	0	0	0	0	0	0	0	0	0	0	0	0	0	0	0	0	0	0	0	0	0	0	0	0	0	0	0	0	0	0	4	4	4	4	9	9	9	21	24	24	24	24	24	24	43	43	43	56	59	62	66	66	74	92	104	98	98	82	82	68	68	56	44	44	38	38	25	15	15	15	15	15	15	12	9	9	9	9	9	9	9	0	0	0	0
70	ba	ca	0	0	0	0	0	0	0	0	0	0	0	0	0	0	0	0	0	0	0	0	0	0	0	0	0	0	0	0	0	0	0	0	0	0	0	0	0	0	0	0	0	0	0	0	0	4	4	4	4	9	9	9	15	18	18	18	18	18	18	37	37	37	50	53	56	60	60	68	86	98	105	99	83	83	69	69	57	45	45	39	39	26	16	16	16	16	16	16	13	9	9	9	9	9	9	9	0	0	0	0
71	ba	ca	0	0	0	0	0	0	0	0	0	0	0	0	0	0	0	0	0	0	0	0	0	0	0	0	0	0	0	0	0	0	0	0	0	0	0	0	0	0	0	0	0	0	0	0	0	4	4	4	4	9	9	9	15	18	18	18	18	18	18	37	37	37	50	53	56	60	60	68	86	98	99	105	89	89	75	75	57	45	45	39	39	26	16	16	16	16	16	16	13	9	9	9	9	9	9	9	0	0	0	0
72	ba	ca	0	0	0	0	0	0	0	0	0	0	0	0	0	0	0	0	0	0	0	0	0	0	0	0	0	0	0	0	0	0	0	0	0	0	0	0	0	0	0	0	0	0	0	0	0	0	0	0	0	5	5	5	5	8	8	8	8	8	8	27	27	27	40	43	46	50	50	58	76	82	83	89	99	99	85	81	63	51	51	45	45	32	22	22	22	22	22	22	13	9	9	9	9	9	9	9	0	0	0	0
73	ba	ca	0	0	0	0	0	0	0	0	0	0	0	0	0	0	0	0	0	0	0	0	0	0	0	0	0	0	0	0	0	0	0	0	0	0	0	0	0	0	0	0	0	0	0	0	0	0	0	0	0	5	5	5	5	8	8	8	8	8	8	27	27	27	40	43	46	50	50	58	76	82	83	89	99	102	88	84	66	54	54	48	48	35	25	25	25	25	25	25	16	12	12	12	12	9	9	9	0	0	0	0
74	ba	ca	0	0	0	0	0	0	0	0	0	0	0	0	0	0	0	0	0	0	0	0	0	0	0	0	0	0	0	0	0	0	0	0	0	0	0	0	0	0	0	0	0	0	0	0	0	0	0	0	0	5	5	5	5	5	5	5	5	5	5	13	13	13	26	29	32	36	36	44	62	68	69	75	85	88	108	104	86	74	74	68	68	55	42	31	31	31	31	25	16	12	12	12	12	9	9	9	0	0	0	0
75	ba	ca	0	0	0	0	0	0	0	0	0	0	0	0	0	0	0	0	0	0	0	0	0	0	0	0	0	0	0	0	0	0	0	0	0	0	0	0	0	0	0	0	0	0	0	0	0	0	0	0	0	5	5	5	5	5	5	5	5	5	5	13	13	13	26	29	32	36	36	44	62	68	69	75	81	84	104	108	90	78	78	72	72	59	46	35	35	35	35	29	20	16	16	16	16	13	13	9	0	0	0	0
76	ba	ca	0	0	0	0	0	0	0	0	0	0	0	0	0	0	0	0	0	0	0	0	0	0	0	0	0	0	0	0	0	0	0	0	0	0	0	0	0	0	0	0	0	0	0	0	0	0	0	0	0	5	5	5	5	5	5	5	5	5	5	13	13	13	26	29	32	32	32	32	50	56	57	57	63	66	86	90	108	89	89	82	82	65	52	41	41	41	41	29	20	16	16	16	16	13	13	9	0	0	0	0
77	ba	ca	0	0	0	0	0	0	0	0	0	0	0	0	0	0	0	0	0	0	0	0	0	0	0	0	0	0	0	0	0	0	0	0	0	0	0	0	0	0	0	0	0	0	0	0	0	0	0	0	0	5	5	5	5	5	5	5	5	5	5	13	13	13	26	29	29	29	29	29	38	44	45	45	51	54	74	78	89	99	99	92	92	75	62	51	51	51	51	39	30	19	19	19	19	16	16	12	3	3	3	3
78	ba	ca	0	0	0	0	0	0	0	0	0	0	0	0	0	0	0	0	0	0	0	0	0	0	0	0	0	0	0	0	0	0	0	0	0	0	0	0	0	0	0	0	0	0	0	0	0	0	0	0	0	5	5	5	5	5	5	5	5	5	5	13	13	13	26	29	29	29	29	29	38	44	45	45	51	54	74	78	89	99	99	92	92	75	62	51	51	51	51	39	30	19	19	19	19	16	16	12	3	3	3	3
79	ba	ca	0	0	0	0	0	0	0	0	0	0	0	0	0	0	0	0	0	0	0	0	0	0	0	0	0	0	0	0	0	0	0	0	0	0	0	0	0	0	0	0	0	0	0	0	0	0	0	0	0	5	5	5	5	5	5	5	5	5	5	13	13	13	26	29	29	29	29	29	38	38	39	39	45	48	68	72	82	92	92	108	108	91	78	61	61	61	61	49	40	29	29	29	29	26	26	22	4	4	3	3
80	ba	ca	0	0	0	0	0	0	0	0	0	0	0	0	0	0	0	0	0	0	0	0	0	0	0	0	0	0	0	0	0	0	0	0	0	0	0	0	0	0	0	0	0	0	0	0	0	0	0	0	0	5	5	5	5	5	5	5	5	5	5	13	13	13	26	29	29	29	29	29	38	38	39	39	45	48	68	72	82	92	92	108	108	91	78	61	61	61	61	49	40	29	29	29	29	26	26	22	4	4	3	3
81	ba	ca	0	0	0	0	0	0	0	0	0	0	0	0	0	0	0	0	0	0	0	0	0	0	0	0	0	0	0	0	0	0	0	0	0	0	0	0	0	0	0	0	0	0	0	0	0	0	0	0	0	0	0	0	0	0	0	0	0	0	0	0	0	0	13	16	16	16	16	16	25	25	26	26	32	35	55	59	65	75	75	91	91	104	91	74	66	66	66	54	45	34	34	34	34	31	31	22	4	4	3	3
82	ba	ca	0	0	0	0	0	0	0	0	0	0	0	0	0	0	0	0	0	0	0	0	0	0	0	0	0	0	0	0	0	0	0	0	0	0	0	0	0	0	0	0	0	0	0	0	0	0	0	0	0	0	0	0	0	0	0	0	0	0	0	0	0	0	3	6	6	6	6	6	15	15	16	16	22	25	42	46	52	62	62	78	78	91	104	87	79	79	79	67	58	47	47	44	44	41	41	32	14	14	13	3
83	ba	ca	0	0	0	0	0	0	0	0	0	0	0	0	0	0	0	0	0	0	0	0	0	0	0	0	0	0	0	0	0	0	0	0	0	0	0	0	0	0	0	0	0	0	0	0	0	0	0	0	0	0	0	0	0	0	0	0	0	0	0	0	0	0	3	6	6	6	6	6	15	15	16	16	22	25	31	35	41	51	51	61	61	74	87	108	100	100	94	78	69	58	58	55	55	52	52	43	25	25	24	14
84	ba	ca	0	0	0	0	0	0	0	0	0	0	0	0	0	0	0	0	0	0	0	0	0	0	0	0	0	0	0	0	0	0	0	0	0	0	0	0	0	0	0	0	0	0	0	0	0	0	0	0	0	0	0	0	0	0	0	0	0	0	0	0	0	0	3	6	6	6	6	6	15	15	16	16	22	25	31	35	41	51	51	61	61	66	79	100	108	108	102	86	77	66	66	63	63	52	52	43	25	25	24	14
85	ba	ca	0	0	0	0	0	0	0	0	0	0	0	0	0	0	0	0	0	0	0	0	0	0	0	0	0	0	0	0	0	0	0	0	0	0	0	0	0	0	0	0	0	0	0	0	0	0	0	0	0	0	0	0	0	0	0	0	0	0	0	0	0	0	3	6	6	6	6	6	15	15	16	16	22	25	31	35	41	51	51	61	61	66	79	100	108	108	102	86	77	66	66	63	63	52	52	43	25	25	24	14
86	ba	ca	0	0	0	0	0	0	0	0	0	0	0	0	0	0	0	0	0	0	0	0	0	0	0	0	0	0	0	0	0	0	0	0	0	0	0	0	0	0	0	0	0	0	0	0	0	0	0	0	0	0	0	0	0	0	0	0	0	0	0	0	0	0	3	6	6	6	6	6	15	15	16	16	22	25	31	35	41	51	51	61	61	66	79	94	102	102	108	92	83	72	72	69	69	58	58	49	31	31	30	20
87	ba	ca	0	0	0	0	0	0	0	0	0	0	0	0	0	0	0	0	0	0	0	0	0	0	0	0	0	0	0	0	0	0	0	0	0	0	0	0	0	0	0	0	0	0	0	0	0	0	0	0	0	0	0	0	0	0	0	0	0	0	0	0	0	0	3	6	6	6	6	6	15	15	16	16	22	25	25	29	29	39	39	49	49	54	67	78	86	86	92	108	99	88	88	85	85	74	74	61	43	43	42	32
88	ba	ca	0	0	0	0	0	0	0	0	0	0	0	0	0	0	0	0	0	0	0	0	0	0	0	0	0	0	0	0	0	0	0	0	0	0	0	0	0	0	0	0	0	0	0	0	0	0	0	0	0	0	0	0	0	0	0	0	0	0	0	0	0	0	0	3	3	3	3	3	12	12	13	13	13	16	16	20	20	30	30	40	40	45	58	69	77	77	83	99	108	97	97	94	94	83	83	70	49	49	48	38
89	ba	ca	0	0	0	0	0	0	0	0	0	0	0	0	0	0	0	0	0	0	0	0	0	0	0	0	0	0	0	0	0	0	0	0	0	0	0	0	0	0	0	0	0	0	0	0	0	0	0	0	0	0	0	0	0	0	0	0	0	0	0	0	0	0	0	0	0	0	0	0	9	9	9	9	9	12	12	16	16	19	19	29	29	34	47	58	66	66	72	88	97	101	101	98	95	84	84	70	49	49	48	38
90	ba	ca	0	0	0	0	0	0	0	0	0	0	0	0	0	0	0	0	0	0	0	0	0	0	0	0	0	0	0	0	0	0	0	0	0	0	0	0	0	0	0	0	0	0	0	0	0	0	0	0	0	0	0	0	0	0	0	0	0	0	0	0	0	0	0	0	0	0	0	0	9	9	9	9	9	12	12	16	16	19	19	29	29	34	47	58	66	66	72	88	97	101	108	105	102	91	91	77	56	56	48	38
91	ba	ca	0	0	0	0	0	0	0	0	0	0	0	0	0	0	0	0	0	0	0	0	0	0	0	0	0	0	0	0	0	0	0	0	0	0	0	0	0	0	0	0	0	0	0	0	0	0	0	0	0	0	0	0	0	0	0	0	0	0	0	0	0	0	0	0	0	0	0	0	9	9	9	9	9	12	12	16	16	19	19	29	29	34	44	55	63	63	69	85	94	98	105	108	105	94	94	80	59	59	48	38
92	ba	ca	0	0	0	0	0	0	0	0	0	0	0	0	0	0	0	0	0	0	0	0	0	0	0	0	0	0	0	0	0	0	0	0	0	0	0	0	0	0	0	0	0	0	0	0	0	0	0	0	0	0	0	0	0	0	0	0	0	0	0	0	0	0	0	0	0	0	0	0	9	9	9	9	9	12	12	16	16	19	19	29	29	34	44	55	63	63	69	85	94	95	102	105	108	97	97	83	62	62	51	41
93	ba	ca	0	0	0	0	0	0	0	0	0	0	0	0	0	0	0	0	0	0	0	0	0	0	0	0	0	0	0	0	0	0	0	0	0	0	0	0	0	0	0	0	0	0	0	0	0	0	0	0	0	0	0	0	0	0	0	0	0	0	0	0	0	0	0	0	0	0	0	0	9	9	9	9	9	9	9	13	13	16	16	26	26	31	41	52	52	52	58	74	83	84	91	94	97	105	105	91	70	70	51	41
94	ba	ca	0	0	0	0	0	0	0	0	0	0	0	0	0	0	0	0	0	0	0	0	0	0	0	0	0	0	0	0	0	0	0	0	0	0	0	0	0	0	0	0	0	0	0	0	0	0	0	0	0	0	0	0	0	0	0	0	0	0	0	0	0	0	0	0	0	0	0	0	9	9	9	9	9	9	9	13	13	16	16	26	26	31	41	52	52	52	58	74	83	84	91	94	97	105	105	91	70	70	51	41
95	ba	ca	0	0	0	0	0	0	0	0	0	0	0	0	0	0	0	0	0	0	0	0	0	0	0	0	0	0	0	0	0	0	0	0	0	0	0	0	0	0	0	0	0	0	0	0	0	0	0	0	0	0	0	0	0	0	0	0	0	0	0	0	0	0	0	0	0	0	0	0	9	9	9	9	9	9	9	9	9	12	12	22	22	22	32	43	43	43	49	61	70	70	77	80	83	91	91	100	79	79	60	50
96	ba	ca	0	0	0	0	0	0	0	0	0	0	0	0	0	0	0	0	0	0	0	0	0	0	0	0	0	0	0	0	0	0	0	0	0	0	0	0	0	0	0	0	0	0	0	0	0	0	0	0	0	0	0	0	0	0	0	0	0	0	0	0	0	0	0	0	0	0	0	0	0	0	0	0	0	0	0	0	0	3	3	4	4	4	14	25	25	25	31	43	49	49	56	59	62	70	70	79	100	100	81	71
97	ba	ca	0	0	0	0	0	0	0	0	0	0	0	0	0	0	0	0	0	0	0	0	0	0	0	0	0	0	0	0	0	0	0	0	0	0	0	0	0	0	0	0	0	0	0	0	0	0	0	0	0	0	0	0	0	0	0	0	0	0	0	0	0	0	0	0	0	0	0	0	0	0	0	0	0	0	0	0	0	3	3	4	4	4	14	25	25	25	31	43	49	49	56	59	62	70	70	79	100	105	86	76
98	ba	ca	0	0	0	0	0	0	0	0	0	0	0	0	0	0	0	0	0	0	0	0	0	0	0	0	0	0	0	0	0	0	0	0	0	0	0	0	0	0	0	0	0	0	0	0	0	0	0	0	0	0	0	0	0	0	0	0	0	0	0	0	0	0	0	0	0	0	0	0	0	0	0	0	0	0	0	0	0	3	3	3	3	3	13	24	24	24	30	42	48	48	48	48	51	51	51	60	81	86	97	80
99	ba	ca	0	0	0	0	0	0	0	0	0	0	0	0	0	0	0	0	0	0	0	0	0	0	0	0	0	0	0	0	0	0	0	0	0	0	0	0	0	0	0	0	0	0	0	0	0	0	0	0	0	0	0	0	0	0	0	0	0	0	0	0	0	0	0	0	0	0	0	0	0	0	0	0	0	0	0	0	0	3	3	3	3	3	3	14	14	14	20	32	38	38	38	38	41	41	41	50	71	76	80	97
